<?xml version="1.0" encoding="UTF-8"?>
<!-- Generated by org.testng.reporters.JUnitReportReporter -->
<testsuite hostname="DESKTOP-O7C6MH5" failures="0" tests="1" name="testcases.JavaScriptAlerts" time="8.038" errors="0" timestamp="27 Mar 2025 05:28:54 GMT">
  <testcase classname="testcases.JavaScriptAlerts" name="javascriptalerts" time="8.038"/>
</testsuite> <!-- testcases.JavaScriptAlerts -->
