<?xml version="1.0" encoding="UTF-8"?>
<!-- Generated by org.testng.reporters.JUnitReportReporter -->
<testsuite hostname="DESKTOP-O7C6MH5" failures="0" tests="1" name="HybridFrameWork.Logintest" time="11.422" errors="0" timestamp="2025-06-12T15:54:55 IST" skipped="0">
  <testcase classname="HybridFrameWork.Logintest" name="testlogin" time="11.422"/>
  <system-out/>
</testsuite> <!-- HybridFrameWork.Logintest -->
