<?xml version="1.0" encoding="UTF-8"?>
<!-- Generated by org.testng.reporters.JUnitReportReporter -->
<testsuite hostname="DESKTOP-O7C6MH5" failures="0" tests="3" name="w3schools.TestNG" time="7.595" errors="0" timestamp="2025-06-10T11:08:56 IST" skipped="0">
  <testcase classname="w3schools.TestNG" name="openapp" time="5.981"/>
  <system-out/>
  <testcase classname="w3schools.TestNG" name="testlogo" time="1.128"/>
  <system-out/>
  <testcase classname="w3schools.TestNG" name="join" time="0.486"/>
  <system-out/>
</testsuite> <!-- w3schools.TestNG -->
