<?xml version="1.0" encoding="UTF-8"?>
<!-- Generated by org.testng.reporters.JUnitReportReporter -->
<testsuite hostname="DESKTOP-O7C6MH5" failures="0" tests="1" name="Register.Signup" time="5.468" errors="0" timestamp="2025-06-04T16:12:58 IST" skipped="0">
  <testcase classname="Register.Signup" name="loginTest" time="5.468"/>
</testsuite> <!-- Register.Signup -->
