<?xml version="1.0" encoding="UTF-8"?>
<!-- Generated by org.testng.reporters.JUnitReportReporter -->
<testsuite hostname="DESKTOP-O7C6MH5" failures="0" tests="1" name="testcases.FormAuthentication" time="8.647" errors="0" timestamp="26 Mar 2025 09:05:43 GMT">
  <testcase classname="testcases.FormAuthentication" name="Formauthentication" time="8.647"/>
</testsuite> <!-- testcases.FormAuthentication -->
