<?xml version="1.0" encoding="UTF-8"?>
<!-- Generated by org.testng.reporters.JUnitReportReporter -->
<testsuite hostname="DESKTOP-O7C6MH5" failures="0" tests="1" name="testcases.Frames" time="13.269" errors="0" timestamp="26 Mar 2025 07:10:54 GMT">
  <testcase classname="testcases.Frames" name="frames" time="13.269"/>
</testsuite> <!-- testcases.Frames -->
