<?xml version="1.0" encoding="UTF-8"?>
<!-- Generated by org.testng.reporters.JUnitReportReporter -->
<testsuite hostname="DESKTOP-O7C6MH5" failures="0" tests="1" name="testcases.Inputs" time="9.689" errors="0" timestamp="26 Mar 2025 10:26:06 GMT">
  <testcase classname="testcases.Inputs" name="inputs" time="9.689"/>
</testsuite> <!-- testcases.Inputs -->
