<?xml version="1.0" encoding="UTF-8"?>
<!-- Generated by org.testng.reporters.JUnitReportReporter -->
<testsuite hostname="DESKTOP-O7C6MH5" failures="0" tests="1" name="testcases.GeoLocation" time="13.918" errors="0" timestamp="26 Mar 2025 09:27:17 GMT">
  <testcase classname="testcases.GeoLocation" name="geolocation" time="13.918"/>
</testsuite> <!-- testcases.GeoLocation -->
