<?xml version="1.0" encoding="UTF-8"?>
<!-- Generated by org.testng.reporters.JUnitReportReporter -->
<testsuite hostname="DESKTOP-O7C6MH5" failures="0" tests="1" name="testcases.JavaScriptOnloadEvent" time="6.492" errors="0" timestamp="2025-06-10T11:08:57 IST" skipped="0">
  <testcase classname="testcases.JavaScriptOnloadEvent" name="Onloadevent" time="6.492"/>
  <system-out/>
</testsuite> <!-- testcases.JavaScriptOnloadEvent -->
