<?xml version="1.0" encoding="UTF-8"?>
<!-- Generated by org.testng.reporters.JUnitReportReporter -->
<testsuite hostname="DESKTOP-O7C6MH5" failures="0" tests="1" name="testcases.ForgotPassword" time="9.234" errors="0" timestamp="26 Mar 2025 06:00:02 GMT">
  <testcase classname="testcases.ForgotPassword" name="forgotpassword" time="9.234"/>
</testsuite> <!-- testcases.ForgotPassword -->
