<?xml version="1.0" encoding="UTF-8"?>
<!-- Generated by org.testng.reporters.JUnitReportReporter -->
<testsuite hostname="DESKTOP-O7C6MH5" failures="0" tests="1" name="testcases.SecureFileDownload" time="5.822" errors="0" timestamp="2025-06-10T11:08:57 IST" skipped="0">
  <testcase classname="testcases.SecureFileDownload" name="securefiledownload" time="5.822"/>
  <system-out/>
</testsuite> <!-- testcases.SecureFileDownload -->
