<?xml version="1.0" encoding="UTF-8"?>
<!-- Generated by org.testng.reporters.JUnitReportReporter -->
<testsuite hostname="DESKTOP-O7C6MH5" failures="0" tests="1" name="testcases.Hovers" time="10.616" errors="0" timestamp="26 Mar 2025 09:56:44 GMT">
  <testcase classname="testcases.Hovers" name="hovers" time="10.616"/>
</testsuite> <!-- testcases.Hovers -->
