<?xml version="1.0" encoding="UTF-8"?>
<!-- Generated by org.testng.reporters.JUnitReportReporter -->
<testsuite hostname="DESKTOP-O7C6MH5" failures="0" tests="1" name="day47.Logintest" time="2.194" errors="0" timestamp="2025-06-10T11:08:57 IST" skipped="0">
  <testcase classname="day47.Logintest" name="testlogin" time="2.194"/>
  <system-out/>
</testsuite> <!-- day47.Logintest -->
