<?xml version="1.0" encoding="UTF-8"?>
<!-- Generated by org.testng.reporters.JUnitReportReporter -->
<testsuite hostname="DESKTOP-O7C6MH5" failures="0" tests="1" name="testcases.StatusCodes" time="10.183" errors="0" timestamp="2025-06-10T11:08:56 IST" skipped="0">
  <testcase classname="testcases.StatusCodes" name="statuscodes" time="10.183"/>
  <system-out/>
</testsuite> <!-- testcases.StatusCodes -->
