<?xml version="1.0" encoding="UTF-8"?>
<!-- Generated by org.testng.reporters.JUnitReportReporter -->
<testsuite hostname="DESKTOP-O7C6MH5" failures="0" tests="1" name="testcases.NotificationMessages" time="10.201" errors="0" timestamp="27 Mar 2025 09:55:28 GMT">
  <testcase classname="testcases.NotificationMessages" name="redirectlink" time="10.201"/>
</testsuite> <!-- testcases.NotificationMessages -->
