<?xml version="1.0" encoding="UTF-8"?>
<!-- Generated by org.testng.reporters.JUnitReportReporter -->
<testsuite hostname="DESKTOP-O7C6MH5" failures="0" tests="1" name="testcases.DynamicContent" time="8.953" errors="0" timestamp="19 Mar 2025 12:05:29 GMT">
  <testcase classname="testcases.DynamicContent" name="dynamicloading" time="8.953"/>
</testsuite> <!-- testcases.DynamicContent -->
