<?xml version="1.0" encoding="UTF-8"?>
<!-- Generated by org.testng.reporters.JUnitReportReporter -->
<testsuite hostname="DESKTOP-O7C6MH5" failures="0" tests="1" name="testcases.HorizontalSlider" time="10.213" errors="0" timestamp="26 Mar 2025 09:44:09 GMT">
  <testcase classname="testcases.HorizontalSlider" name="horizontalslider" time="10.213"/>
</testsuite> <!-- testcases.HorizontalSlider -->
