<?xml version="1.0" encoding="UTF-8"?>
<!-- Generated by org.testng.reporters.JUnitReportReporter -->
<testsuite hostname="DESKTOP-O7C6MH5" failures="0" tests="1" name="demo.HomepageArrivalsDescription" time="12.986" errors="0" timestamp="2025-06-10T11:08:57 IST" skipped="0">
  <testcase classname="demo.HomepageArrivalsDescription" name="images" time="12.986"/>
  <system-out/>
</testsuite> <!-- demo.HomepageArrivalsDescription -->
