<?xml version="1.0" encoding="UTF-8"?>
<!-- Generated by org.testng.reporters.JUnitReportReporter -->
<testsuite hostname="DESKTOP-O7C6MH5" failures="0" tests="1" name="demo.Alerts" time="6.922" errors="0" timestamp="2025-06-10T11:08:56 IST" skipped="0">
  <testcase classname="demo.Alerts" name="loginTest" time="6.922"/>
  <system-out/>
</testsuite> <!-- demo.Alerts -->
