<?xml version="1.0" encoding="UTF-8"?>
<!-- Generated by org.testng.reporters.JUnitReportReporter -->
<testsuite hostname="DESKTOP-O7C6MH5" failures="0" tests="1" name="testcases.InfiniteScroll" time="6.293" errors="0" timestamp="2025-06-10T11:08:57 IST" skipped="0">
  <testcase classname="testcases.InfiniteScroll" name="testinfinite" time="6.293"/>
  <system-out/>
</testsuite> <!-- testcases.InfiniteScroll -->
