<?xml version="1.0" encoding="UTF-8"?>
<!-- Generated by org.testng.reporters.JUnitReportReporter -->
<testsuite hostname="DESKTOP-O7C6MH5" failures="0" tests="2" name="testcases.NotificationMessages" time="13.782" errors="0" timestamp="2025-06-10T11:08:57 IST" skipped="0">
  <testcase classname="testcases.NotificationMessages" name="redirectlink" time="6.700"/>
  <system-out/>
  <testcase classname="testcases.NotificationMessages" name="notificationmessages" time="7.082"/>
  <system-out/>
</testsuite> <!-- testcases.NotificationMessages -->
