<?xml version="1.0" encoding="UTF-8"?>
<!-- Generated by org.testng.reporters.JUnitReportReporter -->
<testsuite hostname="DESKTOP-O7C6MH5" failures="0" tests="1" name="testcases.LargeandDeepDOM" time="7.848" errors="0" timestamp="27 Mar 2025 07:08:38 GMT">
  <testcase classname="testcases.LargeandDeepDOM" name="multiplewindows" time="7.848"/>
</testsuite> <!-- testcases.LargeandDeepDOM -->
