<?xml version="1.0" encoding="UTF-8"?>
<!-- Generated by org.testng.reporters.JUnitReportReporter -->
<testsuite hostname="DESKTOP-O7C6MH5" failures="0" tests="1" name="testcases.InfiniteScroll" time="9.438" errors="0" timestamp="26 Mar 2025 10:08:58 GMT">
  <testcase classname="testcases.InfiniteScroll" name="testinfinite" time="9.438"/>
</testsuite> <!-- testcases.InfiniteScroll -->
