<?xml version="1.0" encoding="UTF-8"?>
<!-- Generated by org.testng.reporters.JUnitReportReporter -->
<testsuite hostname="DESKTOP-O7C6MH5" failures="0" tests="1" name="testcases.DragandDrop" time="8.945" errors="0" timestamp="19 Mar 2025 08:55:21 GMT">
  <testcase classname="testcases.DragandDrop" name="draganddrop" time="8.945"/>
</testsuite> <!-- testcases.DragandDrop -->
