<?xml version="1.0" encoding="UTF-8"?>
<!-- Generated by org.testng.reporters.JUnitReportReporter -->
<testsuite hostname="DESKTOP-O7C6MH5" failures="0" tests="1" name="testcases.FileDownload" time="19.185" errors="0" timestamp="25 Mar 2025 10:13:52 GMT">
  <testcase classname="testcases.FileDownload" name="fileupload" time="19.185"/>
</testsuite> <!-- testcases.FileDownload -->
