<?xml version="1.0" encoding="UTF-8"?>
<!-- Generated by org.testng.reporters.JUnitReportReporter -->
<testsuite hostname="DESKTOP-O7C6MH5" failures="0" tests="1" name="Register.Signup" time="4.383" errors="0" timestamp="2025-06-18T10:41:35 IST" skipped="0">
  <testcase classname="Register.Signup" name="LOGIN" time="4.383"/>
  <system-out/>
</testsuite> <!-- Register.Signup -->
