<?xml version="1.0" encoding="UTF-8"?>
<!-- Generated by org.testng.reporters.JUnitReportReporter -->
<testsuite hostname="DESKTOP-O7C6MH5" failures="0" tests="1" name="testcases.Keypresses" time="8.637" errors="0" timestamp="27 Mar 2025 05:54:36 GMT">
  <testcase classname="testcases.Keypresses" name="keypresses" time="8.637"/>
</testsuite> <!-- testcases.Keypresses -->
