<?xml version="1.0" encoding="UTF-8"?>
<!-- Generated by org.testng.reporters.JUnitReportReporter -->
<testsuite hostname="DESKTOP-O7C6MH5" failures="0" tests="1" name="testcases.Hovers" time="9.431" errors="0" timestamp="2025-06-10T11:08:56 IST" skipped="0">
  <testcase classname="testcases.Hovers" name="hovers" time="9.431"/>
  <system-out/>
</testsuite> <!-- testcases.Hovers -->
