<?xml version="1.0" encoding="UTF-8"?>
<!-- Generated by org.testng.reporters.JUnitReportReporter -->
<testsuite hostname="DESKTOP-O7C6MH5" failures="0" tests="1" name="NewDemo" time="11.182" errors="0" timestamp="2025-06-05T14:40:30 IST" skipped="0">
  <testcase classname="NewDemo" name="loginTest" time="11.182"/>
</testsuite> <!-- NewDemo -->
