<?xml version="1.0" encoding="UTF-8"?>
<!-- Generated by org.testng.reporters.JUnitReportReporter -->
<testsuite hostname="DESKTOP-O7C6MH5" failures="0" tests="1" name="testcases.FloatingMenu" time="8.742" errors="0" timestamp="26 Mar 2025 05:15:57 GMT">
  <testcase classname="testcases.FloatingMenu" name="floatingmenu" time="8.742"/>
</testsuite> <!-- testcases.FloatingMenu -->
