<?xml version="1.0" encoding="UTF-8"?>
<!-- Generated by org.testng.reporters.JUnitReportReporter -->
<testsuite hostname="DESKTOP-O7C6MH5" failures="0" tests="1" name="nopcommerce.Day1" time="4.497" errors="0" timestamp="2025-06-10T11:08:56 IST" skipped="0">
  <testcase classname="nopcommerce.Day1" name="mainnopcommerce" time="4.497"/>
  <system-out/>
</testsuite> <!-- nopcommerce.Day1 -->
