<?xml version="1.0" encoding="UTF-8"?>
<!-- Generated by org.testng.reporters.JUnitReportReporter -->
<testsuite hostname="DESKTOP-O7C6MH5" failures="0" tests="1" name="testcases.Dropdown" time="11.267" errors="0" timestamp="19 Mar 2025 09:56:38 GMT">
  <testcase classname="testcases.Dropdown" name="dropdown" time="11.267"/>
</testsuite> <!-- testcases.Dropdown -->
