<?xml version="1.0" encoding="UTF-8"?>
<!-- Generated by org.testng.reporters.JUnitReportReporter -->
<testsuite hostname="DESKTOP-O7C6MH5" failures="0" tests="1" name="testcases.FormAuthentication" time="8.580" errors="0" timestamp="2025-06-10T11:08:57 IST" skipped="0">
  <testcase classname="testcases.FormAuthentication" name="Formauthentication" time="8.580"/>
  <system-out/>
</testsuite> <!-- testcases.FormAuthentication -->
