<?xml version="1.0" encoding="UTF-8"?>
<!-- Generated by org.testng.reporters.JUnitReportReporter -->
<testsuite hostname="DESKTOP-O7C6MH5" failures="0" tests="1" name="day47.Logintest" time="2.582" errors="0" timestamp="2025-06-11T11:31:53 IST" skipped="0">
  <testcase classname="day47.Logintest" name="testlogin" time="2.582"/>
</testsuite> <!-- day47.Logintest -->
