<?xml version="1.0" encoding="UTF-8"?>
<!-- Generated by org.testng.reporters.JUnitReportReporter -->
<testsuite hostname="DESKTOP-O7C6MH5" failures="0" tests="1" name="testcases.Dropdown" time="6.562" errors="0" timestamp="2025-06-11T11:31:53 IST" skipped="0">
  <testcase classname="testcases.Dropdown" name="dropdown" time="6.562"/>
</testsuite> <!-- testcases.Dropdown -->
