<?xml version="1.0" encoding="UTF-8"?>
<!-- Generated by org.testng.reporters.JUnitReportReporter -->
<testsuite hostname="DESKTOP-O7C6MH5" failures="0" tests="1" name="testcases.GeoLocation" time="14.869" errors="0" timestamp="2025-06-11T11:31:53 IST" skipped="0">
  <testcase classname="testcases.GeoLocation" name="geolocation" time="14.869"/>
</testsuite> <!-- testcases.GeoLocation -->
