<?xml version="1.0" encoding="UTF-8"?>
<!-- Generated by org.testng.reporters.JUnitReportReporter -->
<testsuite hostname="DESKTOP-O7C6MH5" failures="0" tests="2" name="testcases.NotificationMessages" time="13.984" errors="0" timestamp="2025-06-11T11:31:53 IST" skipped="0">
  <testcase classname="testcases.NotificationMessages" name="notificationmessages" time="6.572"/>
  <testcase classname="testcases.NotificationMessages" name="redirectlink" time="7.412"/>
</testsuite> <!-- testcases.NotificationMessages -->
