<?xml version="1.0" encoding="UTF-8"?>
<!-- Generated by org.testng.reporters.JUnitReportReporter -->
<testsuite hostname="DESKTOP-O7C6MH5" failures="0" tests="1" name="demo.Shoppingcart" time="7.359" errors="0" timestamp="2025-06-11T11:31:53 IST" skipped="0">
  <testcase classname="demo.Shoppingcart" name="loginTest" time="7.359"/>
</testsuite> <!-- demo.Shoppingcart -->
