<?xml version="1.0" encoding="UTF-8"?>
<!-- Generated by org.testng.reporters.JUnitReportReporter -->
<testsuite hostname="DESKTOP-O7C6MH5" failures="0" tests="1" name="demo.Alerts" time="7.968" errors="0" timestamp="2025-06-11T11:31:53 IST" skipped="0">
  <testcase classname="demo.Alerts" name="loginTest" time="7.968"/>
</testsuite> <!-- demo.Alerts -->
