<?xml version="1.0" encoding="UTF-8"?>
<!-- Generated by org.testng.reporters.JUnitReportReporter -->
<testsuite hostname="DESKTOP-O7C6MH5" failures="0" tests="3" name="w3schools.TestNG" time="7.780" errors="0" timestamp="2025-06-11T11:31:53 IST" skipped="0">
  <testcase classname="w3schools.TestNG" name="openapp" time="6.266"/>
  <testcase classname="w3schools.TestNG" name="testlogo" time="1.129"/>
  <testcase classname="w3schools.TestNG" name="join" time="0.385"/>
</testsuite> <!-- w3schools.TestNG -->
